<?xml version="1.0" encoding="UTF-8"?>
<!-- Generated by org.testng.reporters.JUnitReportReporter -->
<testsuite hostname="ISW-ENGR-OE" failures="0" tests="1" name="MobiTest.MobiquityTest" time="8.666" errors="0" timestamp="2021-05-24T14:19:57 WAT" skipped="0">
  <testcase classname="MobiTest.MobiquityTest" name="searchForUser" time="8.666"/>
  <system-out/>
</testsuite> <!-- MobiTest.MobiquityTest -->
